HDF5-DIAG: Error detected in HDF5 (1.10.7) thread 0:
  #000: H5F.c line 429 in H5Fopen(): unable to open file
    major: File accessibility
    minor: Unable to open file
  #001: H5Fint.c line 1644 in H5F_open(): unable to open file: time = Tue Aug 30 11:23:20 2022
, name = '/projects/brpe7306/software/anaconda/envsa/ml_env/lib/modeller-10.3/modlib//soap_protein_od.hdf5', tent_flags = 0
    major: File accessibility
    minor: Unable to open file
  #002: H5FD.c line 741 in H5FD_open(): open failed
    major: Virtual File Layer
    minor: Unable to initialize object
  #003: H5FDsec2.c line 360 in H5FD__sec2_open(): unable to open file: name = '/projects/brpe7306/software/anaconda/envsa/ml_env/lib/modeller-10.3/modlib//soap_protein_od.hdf5', errno = 2, error message = 'No such file or directory', flags = 0, o_flags = 0
    major: File accessibility
    minor: Unable to open file
HDF5-DIAG: Error detected in HDF5 (1.10.7) thread 0:
  #000: H5F.c line 429 in H5Fopen(): unable to open file
    major: File accessibility
    minor: Unable to open file
  #001: H5Fint.c line 1644 in H5F_open(): unable to open file: time = Tue Aug 30 11:24:09 2022
, name = '/projects/brpe7306/software/anaconda/envsa/ml_env/lib/modeller-10.3/modlib//soap_protein_od.hdf5', tent_flags = 0
    major: File accessibility
    minor: Unable to open file
  #002: H5FD.c line 741 in H5FD_open(): open failed
    major: Virtual File Layer
    minor: Unable to initialize object
  #003: H5FDsec2.c line 360 in H5FD__sec2_open(): unable to open file: name = '/projects/brpe7306/software/anaconda/envsa/ml_env/lib/modeller-10.3/modlib//soap_protein_od.hdf5', errno = 2, error message = 'No such file or directory', flags = 0, o_flags = 0
    major: File accessibility
    minor: Unable to open file
HDF5-DIAG: Error detected in HDF5 (1.10.7) thread 0:
  #000: H5F.c line 429 in H5Fopen(): unable to open file
    major: File accessibility
    minor: Unable to open file
  #001: H5Fint.c line 1644 in H5F_open(): unable to open file: time = Tue Aug 30 11:24:09 2022
, name = '/projects/brpe7306/software/anaconda/envsa/ml_env/lib/modeller-10.3/modlib//soap_protein_od.hdf5', tent_flags = 0
    major: File accessibility
    minor: Unable to open file
  #002: H5FD.c line 741 in H5FD_open(): open failed
    major: Virtual File Layer
    minor: Unable to initialize object
  #003: H5FDsec2.c line 360 in H5FD__sec2_open(): unable to open file: name = '/projects/brpe7306/software/anaconda/envsa/ml_env/lib/modeller-10.3/modlib//soap_protein_od.hdf5', errno = 2, error message = 'No such file or directory', flags = 0, o_flags = 0
    major: File accessibility
    minor: Unable to open file
